Arguments: 
  C:\Program Files\nodejs\node.exe C:\Program Files (x86)\Yarn\bin\yarn.js install

PATH: 
  C:\Apps\cmder\bin;C:\Apps\cmder\vendor\conemu-maximus5\ConEmu\Scripts;C:\Apps\cmder\vendor\conemu-maximus5;C:\Apps\cmder\vendor\conemu-maximus5\ConEmu;C:\ProgramData\Oracle\Java\javapath;C:\Windows\system32;C:\Windows;C:\Windows\System32\Wbem;C:\Windows\System32\WindowsPowerShell\v1.0\;C:\Program Files\nodejs\;C:\Program Files\Git\cmd;C:\Program Files (x86)\WinSCP\;C:\Apps\php-7.1.0;C:\Apps\wp-cli;C:\ProgramData\ComposerSetup\bin;C:\Program Files (x86)\Yarn\bin;C:\Users\nyvlt\AppData\Local\Programs\Python\Python36-32\Scripts\;C:\Users\nyvlt\AppData\Local\Programs\Python\Python36-32\;C:\Users\nyvlt\AppData\Local\Microsoft\WindowsApps;;C:\Program Files (x86)\Microsoft VS Code\bin;C:\Users\nyvlt\AppData\Roaming\npm;C:\Users\nyvlt\AppData\Roaming\Composer\vendor\bin;C:\Users\nyvlt\AppData\Local\Yarn\.bin;C:\Apps\cmder

Yarn version: 
  0.20.3

Node version: 
  7.3.0

Platform: 
  win32 x64

npm manifest: 
  {
    "private": true,
    "scripts": {
      "dev": "node node_modules/cross-env/bin/cross-env.js NODE_ENV=development node_modules/webpack/bin/webpack.js --progress --hide-modules --config=node_modules/laravel-mix/setup/webpack.config.js",
      "watch": "node node_modules/cross-env/bin/cross-env.js NODE_ENV=development node_modules/webpack/bin/webpack.js --watch --progress --hide-modules --config=node_modules/laravel-mix/setup/webpack.config.js",
      "hot": "node node_modules/cross-env/bin/cross-env.js NODE_ENV=development node_modules/webpack-dev-server/bin/webpack-dev-server.js --inline --hot --config=node_modules/laravel-mix/setup/webpack.config.js",
      "production": "node node_modules/cross-env/bin/cross-env.js NODE_ENV=production node_modules/webpack/bin/webpack.js --progress --hide-modules --config=node_modules/laravel-mix/setup/webpack.config.js"
    },
    "devDependencies": {
      "axios": "^0.15.2",
      "bootstrap-sass": "^3.3.7",
      "jquery": "^3.1.0",
      "laravel-mix": "^0.6.0",
      "lodash": "^4.16.2",
      "vue": "^2.0.1"
    }
  }

yarn manifest: 
  No manifest

Lockfile: 
  No lockfile

Trace: 
  Error: connect ETIMEDOUT 104.16.59.173:443
      at Object.exports._errnoException (util.js:1022:11)
      at exports._exceptionWithHostPort (util.js:1045:20)
      at TCPConnectWrap.afterConnect [as oncomplete] (net.js:1090:14)
